Backend in esecuzione su http://localhost:3001
Received payload: {
  id: 2,
  familyName: 'Simpson',
  givenName: 'Paulll',
  sex: 'M',
  birthDate: '0001-01-01',
  parameters: [
    {
      id: 0,
      name: 'B1F0SALDF9',
      value: 0.17543327118057445,
      alarm: false
    },
    {
      id: 1,
      name: 'HEE1HES3S6',
      value: 0.6073136462864064,
      alarm: true
    },
    {
      id: 2,
      name: '7QJL8UPEG7',
      value: 0.847731731761122,
      alarm: false
    },
    {
      id: 3,
      name: '84UI464I07',
      value: 0.5805254511444482,
      alarm: true
    },
    {
      id: 4,
      name: 'NYBT74UFF9',
      value: 0.7948278900211807,
      alarm: false
    },
    {
      id: 5,
      name: '0AEVTC0JKE',
      value: 0.7912222625646844,
      alarm: false
    },
    {
      id: 6,
      name: 'UK8VCMQ95H',
      value: 0.9317875769603008,
      alarm: false
    },
    {
      id: 7,
      name: 'S6GMNY49BS',
      value: 0.48055313503395447,
      alarm: false
    },
    {
      id: 8,
      name: '1JZXHL1J6X',
      value: 0.9563444228639567,
      alarm: true
    },
    {
      id: 9,
      name: '58D3T2FTC5',
      value: 0.06473566920717046,
      alarm: true
    },
    {
      id: 10,
      name: '6N6VK2LC3D',
      value: 0.8409952758070991,
      alarm: true
    },
    {
      id: 11,
      name: 'X22UPYN57S',
      value: 0.47544714458074755,
      alarm: true
    },
    {
      id: 12,
      name: 'VAQIN826GB',
      value: 0.7735626645263111,
      alarm: false
    },
    {
      id: 13,
      name: 'PG9DL641EK',
      value: 0.14977578825772545,
      alarm: true
    },
    {
      id: 14,
      name: 'AUDORHZN6Q',
      value: 0.9855961343206447,
      alarm: true
    },
    {
      id: 15,
      name: 'MDY5L7WVA9',
      value: 0.1547093522524039,
      alarm: false
    },
    {
      id: 16,
      name: 'YJTBYZLL5Y',
      value: 0.238878260477855,
      alarm: false
    },
    {
      id: 17,
      name: '4NO9MO68HZ',
      value: 0.7367502016652143,
      alarm: true
    },
    {
      id: 18,
      name: 'H9QGXT1BP4',
      value: 0.7103684822611364,
      alarm: false
    },
    {
      id: 19,
      name: 'YXYHFYNY46',
      value: 0.012615527497891117,
      alarm: false
    },
    {
      id: 20,
      name: 'TWJVCHC9TK',
      value: 0.8356277196833993,
      alarm: true
    },
    {
      id: 21,
      name: 'JFXL7HMAXG',
      value: 0.31706029284608567,
      alarm: true
    },
    {
      id: 22,
      name: 'ZZ3SLCOK8S',
      value: 0.6429743695272945,
      alarm: true
    },
    {
      id: 23,
      name: 'KF8I20ZN39',
      value: 0.952072204533998,
      alarm: false
    },
    {
      id: 24,
      name: 'AB0WU9KMLU',
      value: 0.8852800698416681,
      alarm: true
    },
    {
      id: 25,
      name: 'NTXQ6T01SW',
      value: 0.051183621888600116,
      alarm: false
    },
    {
      id: 26,
      name: 'IEI7R74013',
      value: 0.5005099184347829,
      alarm: true
    },
    {
      id: 27,
      name: 'L108HKZZJW',
      value: 0.8550538415345614,
      alarm: false
    },
    {
      id: 28,
      name: 'CIRKIHROA8',
      value: 0.3978738623661333,
      alarm: false
    },
    {
      id: 29,
      name: '1M5N0FVUBN',
      value: 0.14855827770594426,
      alarm: false
    },
    {
      id: 30,
      name: '22TH6MSWJ9',
      value: 0.8526800413861312,
      alarm: false
    },
    {
      id: 31,
      name: 'QUSULDJMMK',
      value: 0.20138730676909317,
      alarm: false
    },
    {
      id: 32,
      name: 'OM9EAKHZCM',
      value: 0.4850437904172781,
      alarm: true
    },
    {
      id: 33,
      name: 'XKSXQ1F1RX',
      value: 0.9292464325806342,
      alarm: false
    },
    {
      id: 34,
      name: 'WBI7D21RVX',
      value: 0.8124786293192201,
      alarm: false
    },
    {
      id: 35,
      name: 'NOV81FFDDC',
      value: 0.8910331455483256,
      alarm: true
    },
    {
      id: 36,
      name: 'UW6VFPN1O3',
      value: 0.4855058977778563,
      alarm: false
    },
    {
      id: 37,
      name: 'CJWKU94AQ8',
      value: 0.28564090620989024,
      alarm: true
    },
    {
      id: 38,
      name: 'FHAMR3CUFH',
      value: 0.367094531360592,
      alarm: false
    },
    {
      id: 39,
      name: '5GMFKBFT6W',
      value: 0.911495778668437,
      alarm: false
    },
    {
      id: 40,
      name: 'T5SDH5UWM4',
      value: 0.4231946465667312,
      alarm: false
    },
    {
      id: 41,
      name: 'PAKU17446F',
      value: 0.40979350703293155,
      alarm: true
    },
    {
      id: 42,
      name: 'WZZP20FTKS',
      value: 0.8232693103250439,
      alarm: false
    },
    {
      id: 43,
      name: 'L9NJW0EB1O',
      value: 0.737423110631026,
      alarm: true
    },
    {
      id: 44,
      name: '1U292BVNQE',
      value: 0.46574754010222275,
      alarm: false
    },
    {
      id: 45,
      name: 'GF3VZ5X6HY',
      value: 0.26633499947671546,
      alarm: true
    },
    {
      id: 46,
      name: 'TUHFANWH8Q',
      value: 0.6557034988215675,
      alarm: true
    },
    {
      id: 47,
      name: '8F0I7PFGS4',
      value: 0.08282673316208028,
      alarm: false
    },
    {
      id: 48,
      name: '6TL513CDLA',
      value: 0.4373605611908066,
      alarm: false
    },
    {
      id: 49,
      name: '4PNCSIT0RW',
      value: 0.6359357301313131,
      alarm: false
    },
    {
      id: 50,
      name: 'EP91SDJYR0',
      value: 0.24976620555378787,
      alarm: true
    },
    {
      id: 51,
      name: 'C0QENU68ZT',
      value: 0.39480375330653217,
      alarm: false
    },
    {
      id: 52,
      name: 'CCYJLMAK61',
      value: 0.7427860539140115,
      alarm: true
    },
    {
      id: 53,
      name: '4KUI000DG6',
      value: 0.01666055434227947,
      alarm: false
    },
    {
      id: 54,
      name: '2OM7ZY3VBQ',
      value: 0.7022378070756038,
      alarm: true
    },
    {
      id: 55,
      name: 'OANEZ8UKAF',
      value: 0.28348768469108626,
      alarm: false
    },
    {
      id: 56,
      name: '9YH93KMFB6',
      value: 0.47521495934352975,
      alarm: false
    },
    {
      id: 57,
      name: 'ADVH7EKNVE',
      value: 0.8087220214347923,
      alarm: true
    },
    {
      id: 58,
      name: 'NVOIM01XEJ',
      value: 0.9251793096424915,
      alarm: true
    },
    {
      id: 59,
      name: 'Q421ETOSTQ',
      value: 0.1304248162221279,
      alarm: false
    },
    {
      id: 60,
      name: 'MMM556R55R',
      value: 0.5986445572220928,
      alarm: true
    },
    {
      id: 61,
      name: '6E3LF430FU',
      value: 0.7492419419573815,
      alarm: false
    },
    {
      id: 62,
      name: 'MTJBZKG7Q1',
      value: 0.8722658440807209,
      alarm: false
    },
    {
      id: 63,
      name: 'N62H2BF9JU',
      value: 0.8618796858293375,
      alarm: true
    },
    {
      id: 64,
      name: '0CMZXOQ2VJ',
      value: 0.5299331357376339,
      alarm: false
    },
    {
      id: 65,
      name: 'XPFUKY1EI3',
      value: 0.9541920935521797,
      alarm: false
    },
    {
      id: 66,
      name: 'CV8EO131YI',
      value: 0.31797211026678424,
      alarm: false
    },
    {
      id: 67,
      name: '8RKCKDODMQ',
      value: 0.5681479296498689,
      alarm: true
    },
    {
      id: 68,
      name: '5VYV3016EC',
      value: 0.643556529955732,
      alarm: false
    },
    {
      id: 69,
      name: 'QMN3Q1XODS',
      value: 0.6053127490940098,
      alarm: false
    },
    {
      id: 70,
      name: 'NZ3FP46VAU',
      value: 0.24338827992015905,
      alarm: true
    }
  ],
  parametersCount: 71,
  alarm: true
}
Received payload: {
  id: 2,
  familyName: 'Simpson',
  givenName: 'Paullld',
  sex: 'M',
  birthDate: '0001-01-01',
  parameters: [
    {
      id: 0,
      name: 'B1F0SALDF9',
      value: 0.17543327118057445,
      alarm: false
    },
    {
      id: 1,
      name: 'HEE1HES3S6',
      value: 0.6073136462864064,
      alarm: true
    },
    {
      id: 2,
      name: '7QJL8UPEG7',
      value: 0.847731731761122,
      alarm: false
    },
    {
      id: 3,
      name: '84UI464I07',
      value: 0.5805254511444482,
      alarm: true
    },
    {
      id: 4,
      name: 'NYBT74UFF9',
      value: 0.7948278900211807,
      alarm: false
    },
    {
      id: 5,
      name: '0AEVTC0JKE',
      value: 0.7912222625646844,
      alarm: false
    },
    {
      id: 6,
      name: 'UK8VCMQ95H',
      value: 0.9317875769603008,
      alarm: false
    },
    {
      id: 7,
      name: 'S6GMNY49BS',
      value: 0.48055313503395447,
      alarm: false
    },
    {
      id: 8,
      name: '1JZXHL1J6X',
      value: 0.9563444228639567,
      alarm: true
    },
    {
      id: 9,
      name: '58D3T2FTC5',
      value: 0.06473566920717046,
      alarm: true
    },
    {
      id: 10,
      name: '6N6VK2LC3D',
      value: 0.8409952758070991,
      alarm: true
    },
    {
      id: 11,
      name: 'X22UPYN57S',
      value: 0.47544714458074755,
      alarm: true
    },
    {
      id: 12,
      name: 'VAQIN826GB',
      value: 0.7735626645263111,
      alarm: false
    },
    {
      id: 13,
      name: 'PG9DL641EK',
      value: 0.14977578825772545,
      alarm: true
    },
    {
      id: 14,
      name: 'AUDORHZN6Q',
      value: 0.9855961343206447,
      alarm: true
    },
    {
      id: 15,
      name: 'MDY5L7WVA9',
      value: 0.1547093522524039,
      alarm: false
    },
    {
      id: 16,
      name: 'YJTBYZLL5Y',
      value: 0.238878260477855,
      alarm: false
    },
    {
      id: 17,
      name: '4NO9MO68HZ',
      value: 0.7367502016652143,
      alarm: true
    },
    {
      id: 18,
      name: 'H9QGXT1BP4',
      value: 0.7103684822611364,
      alarm: false
    },
    {
      id: 19,
      name: 'YXYHFYNY46',
      value: 0.012615527497891117,
      alarm: false
    },
    {
      id: 20,
      name: 'TWJVCHC9TK',
      value: 0.8356277196833993,
      alarm: true
    },
    {
      id: 21,
      name: 'JFXL7HMAXG',
      value: 0.31706029284608567,
      alarm: true
    },
    {
      id: 22,
      name: 'ZZ3SLCOK8S',
      value: 0.6429743695272945,
      alarm: true
    },
    {
      id: 23,
      name: 'KF8I20ZN39',
      value: 0.952072204533998,
      alarm: false
    },
    {
      id: 24,
      name: 'AB0WU9KMLU',
      value: 0.8852800698416681,
      alarm: true
    },
    {
      id: 25,
      name: 'NTXQ6T01SW',
      value: 0.051183621888600116,
      alarm: false
    },
    {
      id: 26,
      name: 'IEI7R74013',
      value: 0.5005099184347829,
      alarm: true
    },
    {
      id: 27,
      name: 'L108HKZZJW',
      value: 0.8550538415345614,
      alarm: false
    },
    {
      id: 28,
      name: 'CIRKIHROA8',
      value: 0.3978738623661333,
      alarm: false
    },
    {
      id: 29,
      name: '1M5N0FVUBN',
      value: 0.14855827770594426,
      alarm: false
    },
    {
      id: 30,
      name: '22TH6MSWJ9',
      value: 0.8526800413861312,
      alarm: false
    },
    {
      id: 31,
      name: 'QUSULDJMMK',
      value: 0.20138730676909317,
      alarm: false
    },
    {
      id: 32,
      name: 'OM9EAKHZCM',
      value: 0.4850437904172781,
      alarm: true
    },
    {
      id: 33,
      name: 'XKSXQ1F1RX',
      value: 0.9292464325806342,
      alarm: false
    },
    {
      id: 34,
      name: 'WBI7D21RVX',
      value: 0.8124786293192201,
      alarm: false
    },
    {
      id: 35,
      name: 'NOV81FFDDC',
      value: 0.8910331455483256,
      alarm: true
    },
    {
      id: 36,
      name: 'UW6VFPN1O3',
      value: 0.4855058977778563,
      alarm: false
    },
    {
      id: 37,
      name: 'CJWKU94AQ8',
      value: 0.28564090620989024,
      alarm: true
    },
    {
      id: 38,
      name: 'FHAMR3CUFH',
      value: 0.367094531360592,
      alarm: false
    },
    {
      id: 39,
      name: '5GMFKBFT6W',
      value: 0.911495778668437,
      alarm: false
    },
    {
      id: 40,
      name: 'T5SDH5UWM4',
      value: 0.4231946465667312,
      alarm: false
    },
    {
      id: 41,
      name: 'PAKU17446F',
      value: 0.40979350703293155,
      alarm: true
    },
    {
      id: 42,
      name: 'WZZP20FTKS',
      value: 0.8232693103250439,
      alarm: false
    },
    {
      id: 43,
      name: 'L9NJW0EB1O',
      value: 0.737423110631026,
      alarm: true
    },
    {
      id: 44,
      name: '1U292BVNQE',
      value: 0.46574754010222275,
      alarm: false
    },
    {
      id: 45,
      name: 'GF3VZ5X6HY',
      value: 0.26633499947671546,
      alarm: true
    },
    {
      id: 46,
      name: 'TUHFANWH8Q',
      value: 0.6557034988215675,
      alarm: true
    },
    {
      id: 47,
      name: '8F0I7PFGS4',
      value: 0.08282673316208028,
      alarm: false
    },
    {
      id: 48,
      name: '6TL513CDLA',
      value: 0.4373605611908066,
      alarm: false
    },
    {
      id: 49,
      name: '4PNCSIT0RW',
      value: 0.6359357301313131,
      alarm: false
    },
    {
      id: 50,
      name: 'EP91SDJYR0',
      value: 0.24976620555378787,
      alarm: true
    },
    {
      id: 51,
      name: 'C0QENU68ZT',
      value: 0.39480375330653217,
      alarm: false
    },
    {
      id: 52,
      name: 'CCYJLMAK61',
      value: 0.7427860539140115,
      alarm: true
    },
    {
      id: 53,
      name: '4KUI000DG6',
      value: 0.01666055434227947,
      alarm: false
    },
    {
      id: 54,
      name: '2OM7ZY3VBQ',
      value: 0.7022378070756038,
      alarm: true
    },
    {
      id: 55,
      name: 'OANEZ8UKAF',
      value: 0.28348768469108626,
      alarm: false
    },
    {
      id: 56,
      name: '9YH93KMFB6',
      value: 0.47521495934352975,
      alarm: false
    },
    {
      id: 57,
      name: 'ADVH7EKNVE',
      value: 0.8087220214347923,
      alarm: true
    },
    {
      id: 58,
      name: 'NVOIM01XEJ',
      value: 0.9251793096424915,
      alarm: true
    },
    {
      id: 59,
      name: 'Q421ETOSTQ',
      value: 0.1304248162221279,
      alarm: false
    },
    {
      id: 60,
      name: 'MMM556R55R',
      value: 0.5986445572220928,
      alarm: true
    },
    {
      id: 61,
      name: '6E3LF430FU',
      value: 0.7492419419573815,
      alarm: false
    },
    {
      id: 62,
      name: 'MTJBZKG7Q1',
      value: 0.8722658440807209,
      alarm: false
    },
    {
      id: 63,
      name: 'N62H2BF9JU',
      value: 0.8618796858293375,
      alarm: true
    },
    {
      id: 64,
      name: '0CMZXOQ2VJ',
      value: 0.5299331357376339,
      alarm: false
    },
    {
      id: 65,
      name: 'XPFUKY1EI3',
      value: 0.9541920935521797,
      alarm: false
    },
    {
      id: 66,
      name: 'CV8EO131YI',
      value: 0.31797211026678424,
      alarm: false
    },
    {
      id: 67,
      name: '8RKCKDODMQ',
      value: 0.5681479296498689,
      alarm: true
    },
    {
      id: 68,
      name: '5VYV3016EC',
      value: 0.643556529955732,
      alarm: false
    },
    {
      id: 69,
      name: 'QMN3Q1XODS',
      value: 0.6053127490940098,
      alarm: false
    },
    {
      id: 70,
      name: 'NZ3FP46VAU',
      value: 0.24338827992015905,
      alarm: true
    }
  ],
  parametersCount: 71,
  alarm: true
}
Received payload: {
  id: 3,
  familyName: 'Jackson',
  givenName: 'Johnx',
  sex: 'M',
  birthDate: '2005-11-06',
  parameters: [
    {
      id: 0,
      name: 'T54IW8ZUXV',
      value: 0.7812325031409192,
      alarm: false
    },
    {
      id: 1,
      name: 'JM95HD6VRJ',
      value: 0.17097121857617573,
      alarm: false
    },
    {
      id: 2,
      name: 'B5DU0H307Z',
      value: 0.9823456229559824,
      alarm: false
    },
    {
      id: 3,
      name: '8ED5Q5GL35',
      value: 0.31129612275925284,
      alarm: true
    },
    {
      id: 4,
      name: '3HA4A47JZ3',
      value: 0.21265482167371308,
      alarm: true
    },
    {
      id: 5,
      name: '4E3Q1BHUNJ',
      value: 0.9232680881038625,
      alarm: true
    },
    {
      id: 6,
      name: 'AAFWC4HFUH',
      value: 0.7704612001639144,
      alarm: false
    },
    {
      id: 7,
      name: 'H9ZC2ZAF7M',
      value: 0.046025197043095344,
      alarm: true
    },
    {
      id: 8,
      name: 'B0U2X0STK7',
      value: 0.8119867219645468,
      alarm: false
    },
    {
      id: 9,
      name: 'ZKH4WBGWMJ',
      value: 0.25101114588371065,
      alarm: false
    },
    {
      id: 10,
      name: 'ME2XI2FY93',
      value: 0.5698918418818582,
      alarm: true
    },
    {
      id: 11,
      name: 'KPS3ZIJJGZ',
      value: 0.3768670975122913,
      alarm: false
    },
    {
      id: 12,
      name: 'SFT5FP91R2',
      value: 0.4364762592299265,
      alarm: false
    },
    {
      id: 13,
      name: '84KR2EB605',
      value: 0.5653591256427388,
      alarm: true
    },
    {
      id: 14,
      name: 'SN6EA9VX1K',
      value: 0.146048015517205,
      alarm: false
    },
    {
      id: 15,
      name: 'JKST324S9A',
      value: 0.8473074677620583,
      alarm: false
    },
    {
      id: 16,
      name: '71QBXR0XVM',
      value: 0.3504584461219881,
      alarm: true
    },
    {
      id: 17,
      name: 'S51RG21XZH',
      value: 0.24587138427694857,
      alarm: true
    },
    {
      id: 18,
      name: 'VRD7ACHSSB',
      value: 0.190706205643111,
      alarm: true
    },
    {
      id: 19,
      name: 'TT9KTRR670',
      value: 0.023225677210477032,
      alarm: false
    },
    {
      id: 20,
      name: 'AMLHJGF0S8',
      value: 0.43851035388117204,
      alarm: true
    },
    {
      id: 21,
      name: 'O3WTF4JRYS',
      value: 0.9666571686820393,
      alarm: false
    },
    {
      id: 22,
      name: '3RDHZMU5QF',
      value: 0.9132956666468157,
      alarm: true
    },
    {
      id: 23,
      name: '0AJM5Q0UD3',
      value: 0.8836444462107701,
      alarm: true
    },
    {
      id: 24,
      name: '581DQTJSNY',
      value: 0.3910427086013568,
      alarm: true
    },
    {
      id: 25,
      name: 'C8AGNUZI67',
      value: 0.791936296872765,
      alarm: true
    },
    {
      id: 26,
      name: 'U7VH2OT9VN',
      value: 0.3423603239200825,
      alarm: false
    },
    {
      id: 27,
      name: 'URO76OLCWR',
      value: 0.26636959391942694,
      alarm: true
    },
    {
      id: 28,
      name: 'QTGTDW47GW',
      value: 0.5168802447229998,
      alarm: true
    },
    {
      id: 29,
      name: '7BZ9EOGZWJ',
      value: 0.622572349674335,
      alarm: true
    },
    {
      id: 30,
      name: 'F2MRWZSDXY',
      value: 0.762938728911308,
      alarm: true
    },
    {
      id: 31,
      name: 'H968TPV784',
      value: 0.9913711687509768,
      alarm: false
    },
    {
      id: 32,
      name: 'ZM7HKUKG7K',
      value: 0.3838433997630344,
      alarm: true
    },
    {
      id: 33,
      name: 'JMKQEO5IJQ',
      value: 0.7587168001377568,
      alarm: false
    },
    {
      id: 34,
      name: 'RIGHYZ7K2S',
      value: 0.7789505919343562,
      alarm: false
    },
    {
      id: 35,
      name: '2K3DOUM7VU',
      value: 0.6801840833761655,
      alarm: false
    },
    {
      id: 36,
      name: 'EE2T81UJU2',
      value: 0.7222405214431884,
      alarm: false
    },
    {
      id: 37,
      name: 'ODSHMCS1U9',
      value: 0.6680935046952653,
      alarm: false
    },
    {
      id: 38,
      name: 'V24ZE3T6T9',
      value: 0.06417378925912724,
      alarm: true
    },
    {
      id: 39,
      name: '6NLB7S09U1',
      value: 0.7028460007639816,
      alarm: true
    },
    {
      id: 40,
      name: 'BEVSC6VFQ9',
      value: 0.9510662164311233,
      alarm: false
    },
    {
      id: 41,
      name: '65F1J3ROB9',
      value: 0.3262942150823279,
      alarm: false
    },
    {
      id: 42,
      name: '0R4CJYI4DU',
      value: 0.6570358107132073,
      alarm: true
    },
    {
      id: 43,
      name: 'IA4XO7C6PF',
      value: 0.13819455175576478,
      alarm: true
    },
    {
      id: 44,
      name: 'N901JLJC2W',
      value: 0.7767226755510656,
      alarm: false
    },
    {
      id: 45,
      name: 'CT520EDMHF',
      value: 0.5171497457274933,
      alarm: true
    },
    {
      id: 46,
      name: '849E6PTVM2',
      value: 0.6845066001100962,
      alarm: false
    },
    {
      id: 47,
      name: '8QU2LVHVIJ',
      value: 0.5782597477446588,
      alarm: false
    },
    {
      id: 48,
      name: 'BKFLC24HQR',
      value: 0.8205273853710514,
      alarm: true
    },
    {
      id: 49,
      name: 'LEFNDGIK4V',
      value: 0.8282516625841388,
      alarm: false
    },
    {
      id: 50,
      name: 'TKBW86AYJF',
      value: 0.07760833952464552,
      alarm: false
    },
    {
      id: 51,
      name: 'JHST7Q4RXF',
      value: 0.4675077518762591,
      alarm: true
    },
    {
      id: 52,
      name: 'P4SBBK9QQ5',
      value: 0.7610615919162806,
      alarm: false
    },
    {
      id: 53,
      name: '0HJTQFFGBS',
      value: 0.10566056245270211,
      alarm: true
    },
    {
      id: 54,
      name: 'XYMO1MWO45',
      value: 0.18847948554366803,
      alarm: true
    },
    {
      id: 55,
      name: 'O8X9FWGOQ1',
      value: 0.8013927972882021,
      alarm: false
    },
    {
      id: 56,
      name: 'HKAS9KE60W',
      value: 0.39395048487649786,
      alarm: true
    }
  ],
  parametersCount: 57,
  alarm: true
}
